<?xml version="1.0" encoding="UTF-8" ?>
<testsuite tests="1" failures="0" name="tr.edu.medipol.yova.birimtestornek1.MainTest" time="0.005" errors="0" skipped="0">
  <properties>
    <property name="jansi.mode" value="force"/>
    <property name="java.runtime.name" value="OpenJDK Runtime Environment"/>
    <property name="java.vm.version" value="21.0.2+13-LTS"/>
    <property name="sun.boot.library.path" value="C:\Program Files\Java\jdk21.0.2_13\bin"/>
    <property name="maven.multiModuleProjectDirectory" value="C:\Users\BROTHER\java proje\BirimTestOrnek1"/>
    <property name="java.vm.vendor" value="Amazon.com Inc."/>
    <property name="java.vendor.url" value="https://aws.amazon.com/corretto/"/>
    <property name="guice.disable.misplaced.annotation.check" value="true"/>
    <property name="path.separator" value=";"/>
    <property name="java.vm.name" value="OpenJDK 64-Bit Server VM"/>
    <property name="sun.os.patch.level" value=""/>
    <property name="user.script" value=""/>
    <property name="user.country" value="TR"/>
    <property name="sun.java.launcher" value="SUN_STANDARD"/>
    <property name="java.vm.specification.name" value="Java Virtual Machine Specification"/>
    <property name="user.dir" value="C:\Users\BROTHER\java proje\BirimTestOrnek1"/>
    <property name="java.vm.compressedOopsMode" value="Zero based"/>
    <property name="java.runtime.version" value="21.0.2+13-LTS"/>
    <property name="os.arch" value="amd64"/>
    <property name="java.io.tmpdir" value="C:\Users\BROTHER\AppData\Local\Temp\"/>
    <property name="line.separator" value="
"/>
    <property name="java.vm.specification.vendor" value="Oracle Corporation"/>
    <property name="user.variant" value=""/>
    <property name="stderr.encoding" value="Cp1254"/>
    <property name="os.name" value="Windows 10"/>
    <property name="classworlds.conf" value="C:\Users\BROTHER\java proje\.metadata\.plugins\org.eclipse.m2e.launching\launches\m2conf9030405163907016269.tmp"/>
    <property name="sun.jnu.encoding" value="Cp1254"/>
    <property name="stdout.encoding" value="Cp1254"/>
    <property name="java.library.path" value="C:\Program Files\Java\jdk21.0.2_13\bin;C:\Windows\Sun\Java\bin;C:\Windows\system32;C:\Windows;C:\Program Files\Common Files\Oracle\Java\javapath;C:\Program Files (x86)\Common Files\Oracle\Java\javapath;C:\Program Files (x86)\Common Files\Intel\Shared Libraries\redist\intel64\compiler;C:\Windows\system32;C:\Windows;C:\Windows\System32\Wbem;C:\Windows\System32\WindowsPowerShell\v1.0\;C:\Windows\System32\OpenSSH\;C:\Program Files\Microsoft SQL Server\Client SDK\ODBC\170\Tools\Binn\;C:\Program Files (x86)\Microsoft SQL Server\150\Tools\Binn\;C:\Program Files\Microsoft SQL Server\150\Tools\Binn\;C:\Program Files\Microsoft SQL Server\150\DTS\Binn\;C:\Program Files (x86)\Microsoft SQL Server\150\DTS\Binn\;C:\Program Files\Azure Data Studio\bin;C:\Program Files\nodejs\;C:\Program Files\Git\cmd;C:\Users\BROTHER\AppData\Local\Programs\Python\Python312;C:\Users\BROTHER\Documents\Maven\apache-maven-3.9.4-bin\bin;C:\Program Files\Java\jdk-19\bin;C:\Program Files (x86)\Gpg4win\..\GnuPG\bin;C:\Users\BROTHER\AppData\Local\Programs\Python\Python311\Scripts;C:\Users\BROTHER\AppData\Local\Android\Sdk\platform-tools;C:\Program Files\Python-3.10.13\PCbuild\amd64;C:\Program Files\dotnet\;C:\Program Files\Python-3.10.13\externals\tcltk-8.6.12.0\amd64\bin;C:\Users\BROTHER\AppData\Local\Programs\Python\Python312;C:\Users\BROTHER\AppData\Local\Programs\Python\Launcher\;C:\Users\BROTHER\AppData\Local\Programs\Python\Python312;C:\Users\BROTHER\AppData\Local\Programs\Microsoft VS Code\bin;C:\Users\BROTHER\AppData\Local\JetBrains\PyCharm Community Edition 2023.2.2\bin;;C:\Program Files\JetBrains\IntelliJ IDEA 2023.3\bin;;C:\Users\BROTHER\.dotnet\tools;C:\Program Files\Python-3.10.13\externals\tcltk-8.6.12.0\amd64\bin;;."/>
    <property name="jdk.debug" value="release"/>
    <property name="java.class.version" value="65.0"/>
    <property name="java.specification.name" value="Java Platform API Specification"/>
    <property name="sun.management.compiler" value="HotSpot 64-Bit Tiered Compilers"/>
    <property name="os.version" value="10.0"/>
    <property name="user.home" value="C:\Users\BROTHER"/>
    <property name="user.timezone" value="Europe/Istanbul"/>
    <property name="file.encoding" value="UTF-8"/>
    <property name="java.specification.version" value="21"/>
    <property name="user.name" value="BROTHER"/>
    <property name="java.class.path" value="C:\Users\BROTHER\.p2\pool\plugins\org.eclipse.m2e.maven.runtime_3.8.604.20221130-2149\jars\plexus-classworlds-2.6.0.jar"/>
    <property name="java.vm.specification.version" value="21"/>
    <property name="sun.arch.data.model" value="64"/>
    <property name="sun.java.command" value="org.codehaus.plexus.classworlds.launcher.Launcher -B -Dstyle.color=always test"/>
    <property name="java.home" value="C:\Program Files\Java\jdk21.0.2_13"/>
    <property name="user.language" value="tr"/>
    <property name="java.specification.vendor" value="Oracle Corporation"/>
    <property name="java.vm.info" value="mixed mode, sharing"/>
    <property name="java.version" value="21.0.2"/>
    <property name="native.encoding" value="Cp1254"/>
    <property name="java.vendor" value="Amazon.com Inc."/>
    <property name="maven.home" value="C:\Users\BROTHER\java proje\BirimTestOrnek1\EMBEDDED"/>
    <property name="style.color" value="always"/>
    <property name="file.separator" value="\"/>
    <property name="java.version.date" value="2024-01-16"/>
    <property name="java.vendor.url.bug" value="https://github.com/corretto/corretto-21/issues/"/>
    <property name="sun.io.unicode.encoding" value="UnicodeLittle"/>
    <property name="sun.cpu.endian" value="little"/>
    <property name="java.vendor.version" value="Corretto-21.0.2.13.1"/>
    <property name="m2e.build.project.data.socket.port" value="55729"/>
    <property name="sun.cpu.isalist" value="amd64"/>
  </properties>
  <testcase classname="tr.edu.medipol.yova.birimtestornek1.MainTest" name="testMetniFormatla" time="0.005"/>
</testsuite>